# JRE version: Java(TM) SE Runtime Environment (12.0.1+12) (build 12.0.1+12)
# Java VM: Java HotSpot(TM) 64-Bit Server VM (12.0.1+12, mixed mode, sharing, tiered, compressed oops, g1 gc, windows-amd64)
Heap:
 garbage-first heap   total 51200K, used 24433K [0x0000000081c00000, 0x0000000100000000)
  region size 1024K, 5 young (5120K), 1 survivors (1024K)
 Metaspace       used 53854K, capacity 55269K, committed 57168K, reserved 1099776K
  class space    used 5886K, capacity 6428K, committed 6912K, reserved 1048576K
GC Heap History (10 events):
Event: 3723.308 GC heap before
{Heap before GC invocations=136 (full 5):
 garbage-first heap   total 51200K, used 42890K [0x0000000081c00000, 0x0000000100000000)
  region size 1024K, 21 young (21504K), 1 survivors (1024K)
 Metaspace       used 53979K, capacity 55479K, committed 57168K, reserved 1099776K
  class space    used 5906K, capacity 6464K, committed 6912K, reserved 1048576K
}
Event: 3723.311 GC heap after
{Heap after GC invocations=137 (full 5):
 garbage-first heap   total 51200K, used 22413K [0x0000000081c00000, 0x0000000100000000)
  region size 1024K, 1 young (1024K), 1 survivors (1024K)
 Metaspace       used 53979K, capacity 55479K, committed 57168K, reserved 1099776K
  class space    used 5906K, capacity 6464K, committed 6912K, reserved 1048576K
}
Event: 3821.752 GC heap before
{Heap before GC invocations=138 (full 5):
 garbage-first heap   total 51200K, used 42893K [0x0000000081c00000, 0x0000000100000000)
  region size 1024K, 21 young (21504K), 1 survivors (1024K)
 Metaspace       used 53843K, capacity 55269K, committed 57168K, reserved 1099776K
  class space    used 5886K, capacity 6428K, committed 6912K, reserved 1048576K
}
Event: 3821.755 GC heap after
{Heap after GC invocations=139 (full 5):
 garbage-first heap   total 51200K, used 22412K [0x0000000081c00000, 0x0000000100000000)
  region size 1024K, 1 young (1024K), 1 survivors (1024K)
 Metaspace       used 53843K, capacity 55269K, committed 57168K, reserved 1099776K
  class space    used 5886K, capacity 6428K, committed 6912K, reserved 1048576K
}
Event: 3825.887 GC heap before
{Heap before GC invocations=139 (full 5):
 garbage-first heap   total 51200K, used 23436K [0x0000000081c00000, 0x0000000100000000)
  region size 1024K, 2 young (2048K), 1 survivors (1024K)
 Metaspace       used 53843K, capacity 55269K, committed 57168K, reserved 1099776K
  class space    used 5886K, capacity 6428K, committed 6912K, reserved 1048576K
}
Event: 3825.891 GC heap after
{Heap after GC invocations=140 (full 5):
 garbage-first heap   total 51200K, used 21379K [0x0000000081c00000, 0x0000000100000000)
  region size 1024K, 1 young (1024K), 1 survivors (1024K)
 Metaspace       used 53843K, capacity 55269K, committed 57168K, reserved 1099776K
  class space    used 5886K, capacity 6428K, committed 6912K, reserved 1048576K
}
Event: 3924.535 GC heap before
{Heap before GC invocations=140 (full 5):
 garbage-first heap   total 51200K, used 41859K [0x0000000081c00000, 0x0000000100000000)
  region size 1024K, 21 young (21504K), 1 survivors (1024K)
 Metaspace       used 53843K, capacity 55269K, committed 57168K, reserved 1099776K
  class space    used 5886K, capacity 6428K, committed 6912K, reserved 1048576K
}
Event: 3924.538 GC heap after
{Heap after GC invocations=141 (full 5):
 garbage-first heap   total 51200K, used 21341K [0x0000000081c00000, 0x0000000100000000)
  region size 1024K, 1 young (1024K), 1 survivors (1024K)
 Metaspace       used 53843K, capacity 55269K, committed 57168K, reserved 1099776K
  class space    used 5886K, capacity 6428K, committed 6912K, reserved 1048576K
}
Event: 4023.175 GC heap before
{Heap before GC invocations=141 (full 5):
 garbage-first heap   total 51200K, used 41821K [0x0000000081c00000, 0x0000000100000000)
  region size 1024K, 21 young (21504K), 1 survivors (1024K)
 Metaspace       used 53845K, capacity 55269K, committed 57168K, reserved 1099776K
  class space    used 5886K, capacity 6428K, committed 6912K, reserved 1048576K
}
Event: 4023.177 GC heap after
{Heap after GC invocations=142 (full 5):
 garbage-first heap   total 51200K, used 21361K [0x0000000081c00000, 0x0000000100000000)
  region size 1024K, 1 young (1024K), 1 survivors (1024K)
 Metaspace       used 53845K, capacity 55269K, committed 57168K, reserved 1099776K
  class space    used 5886K, capacity 6428K, committed 6912K, reserved 1048576K
}

